[2025-12-06 10:16:24,156: INFO: main: Initializing the kidney_disease_prediction package]
[2025-12-06 19:40:19,502: INFO: common: yaml file: config\config.yaml loaded successfully]
[2025-12-06 19:41:25,529: INFO: common: yaml file: config\config.yaml loaded successfully]
[2025-12-06 19:42:06,787: INFO: common: yaml file: config\config.yaml loaded successfully]
[2025-12-06 19:42:06,797: INFO: common: yaml file: params.yaml loaded successfully]
[2025-12-06 19:42:06,797: INFO: common: created directory at: artifacts]
[2025-12-06 19:42:06,797: INFO: common: created directory at: artifacts/data_ingestion]
[2025-12-06 19:42:06,797: INFO: 986331348: Downloading data from https://drive.google.com/file/d/1vlhZ5c7abUKF8xXERIw6m9Te8fW7ohw3/view?usp=sharing into file artifacts/data_ingestion/data.zip]
[2025-12-06 19:42:20,953: INFO: 986331348: Downloaded data from https://drive.google.com/file/d/1vlhZ5c7abUKF8xXERIw6m9Te8fW7ohw3/view?usp=sharing into file artifacts/data_ingestion/data.zip]
[2025-12-07 01:06:33,720: INFO: main: >>>>>> stage Data Ingestion stage started <<<<<<]
[2025-12-07 01:06:33,736: INFO: common: yaml file: config\config.yaml loaded successfully]
[2025-12-07 01:06:33,736: INFO: common: yaml file: params.yaml loaded successfully]
[2025-12-07 01:06:33,736: INFO: common: created directory at: artifacts]
[2025-12-07 01:06:33,747: INFO: common: created directory at: artifacts/data_ingestion]
[2025-12-07 01:06:33,747: INFO: data_ingestion: Downloading data from https://drive.google.com/file/d/1vlhZ5c7abUKF8xXERIw6m9Te8fW7ohw3/view?usp=sharing into file artifacts/data_ingestion/data.zip]
[2025-12-07 01:07:12,672: INFO: data_ingestion: Downloaded data from https://drive.google.com/file/d/1vlhZ5c7abUKF8xXERIw6m9Te8fW7ohw3/view?usp=sharing into file artifacts/data_ingestion/data.zip]
[2025-12-07 01:07:13,480: INFO: main: >>>>>> stage Data Ingestion stage completed <<<<<<

x==========x]
[2025-12-07 16:44:57,367: INFO: common: yaml file: config\config.yaml loaded successfully]
[2025-12-07 16:44:57,383: INFO: common: yaml file: params.yaml loaded successfully]
[2025-12-07 16:44:57,387: INFO: common: created directory at: artifacts]
[2025-12-07 16:45:59,969: INFO: common: yaml file: config\config.yaml loaded successfully]
[2025-12-07 16:45:59,981: INFO: common: yaml file: params.yaml loaded successfully]
[2025-12-07 16:45:59,988: INFO: common: created directory at: artifacts]
[2025-12-07 16:46:37,359: INFO: common: yaml file: config\config.yaml loaded successfully]
[2025-12-07 16:46:37,363: INFO: common: yaml file: params.yaml loaded successfully]
[2025-12-07 16:46:37,363: INFO: common: created directory at: artifacts]
[2025-12-07 16:46:37,363: INFO: common: created directory at: artifacts/prepare_base_model]
[2025-12-07 16:49:06,554: WARNING: saving_api: You are saving your model as an HDF5 file via `model.save()` or `keras.saving.save_model(model)`. This file format is considered legacy. We recommend using instead the native Keras format, e.g. `model.save('my_model.keras')` or `keras.saving.save_model(model, 'my_model.keras')`. ]
[2025-12-07 16:49:06,682: WARNING: saving_api: You are saving your model as an HDF5 file via `model.save()` or `keras.saving.save_model(model)`. This file format is considered legacy. We recommend using instead the native Keras format, e.g. `model.save('my_model.keras')` or `keras.saving.save_model(model, 'my_model.keras')`. ]
[2025-12-07 17:00:39,143: INFO: main: >>>>>> stage Data Ingestion stage started <<<<<<]
[2025-12-07 17:00:39,143: INFO: common: yaml file: config\config.yaml loaded successfully]
[2025-12-07 17:00:39,143: INFO: common: yaml file: params.yaml loaded successfully]
[2025-12-07 17:00:39,143: INFO: common: created directory at: artifacts]
[2025-12-07 17:00:39,143: INFO: common: created directory at: artifacts/data_ingestion]
[2025-12-07 17:00:39,143: INFO: data_ingestion: Downloading data from https://drive.google.com/file/d/1PIrR-mWs00bwZr8aO1vDw0rwISF4yVxP/view?usp=sharing into file artifacts/data_ingestion/data.zip]
[2025-12-07 17:01:09,533: INFO: data_ingestion: Downloaded data from https://drive.google.com/file/d/1PIrR-mWs00bwZr8aO1vDw0rwISF4yVxP/view?usp=sharing into file artifacts/data_ingestion/data.zip]
[2025-12-07 17:01:10,663: INFO: main: >>>>>> stage Data Ingestion stage completed <<<<<<

x==========x]
[2025-12-07 17:01:10,664: INFO: main: *******************]
[2025-12-07 17:01:10,665: INFO: main: >>>>>> stage Prepare base model started <<<<<<]
[2025-12-07 17:01:10,669: INFO: common: yaml file: config\config.yaml loaded successfully]
[2025-12-07 17:01:10,675: INFO: common: yaml file: params.yaml loaded successfully]
[2025-12-07 17:01:10,677: INFO: common: created directory at: artifacts]
[2025-12-07 17:01:10,679: INFO: common: created directory at: artifacts/prepare_base_model]
[2025-12-07 17:01:11,709: WARNING: saving_api: You are saving your model as an HDF5 file via `model.save()` or `keras.saving.save_model(model)`. This file format is considered legacy. We recommend using instead the native Keras format, e.g. `model.save('my_model.keras')` or `keras.saving.save_model(model, 'my_model.keras')`. ]
[2025-12-07 17:01:12,059: WARNING: saving_api: You are saving your model as an HDF5 file via `model.save()` or `keras.saving.save_model(model)`. This file format is considered legacy. We recommend using instead the native Keras format, e.g. `model.save('my_model.keras')` or `keras.saving.save_model(model, 'my_model.keras')`. ]
[2025-12-07 17:01:12,304: INFO: main: >>>>>> stage Prepare base model completed <<<<<<

x==========x]
[2025-12-07 19:09:08,213: INFO: common: yaml file: config\config.yaml loaded successfully]
[2025-12-07 19:09:08,234: INFO: common: yaml file: params.yaml loaded successfully]
[2025-12-07 19:09:08,241: INFO: common: created directory at: artifacts]
[2025-12-07 19:09:43,556: INFO: common: yaml file: config\config.yaml loaded successfully]
[2025-12-07 19:09:43,556: INFO: common: yaml file: params.yaml loaded successfully]
[2025-12-07 19:09:43,560: INFO: common: created directory at: artifacts]
[2025-12-07 19:09:43,563: INFO: common: created directory at: artifacts\training]
[2025-12-07 19:09:44,192: WARNING: saving_utils: Compiled the loaded model, but the compiled metrics have yet to be built. `model.compile_metrics` will be empty until you train or evaluate the model.]
[2025-12-07 19:14:14,342: INFO: common: yaml file: config\config.yaml loaded successfully]
[2025-12-07 19:14:14,349: INFO: common: yaml file: params.yaml loaded successfully]
[2025-12-07 19:14:14,353: INFO: common: created directory at: artifacts]
[2025-12-07 19:14:14,356: INFO: common: created directory at: artifacts\training]
[2025-12-07 19:14:14,868: WARNING: saving_utils: Compiled the loaded model, but the compiled metrics have yet to be built. `model.compile_metrics` will be empty until you train or evaluate the model.]
[2025-12-07 19:20:43,780: INFO: common: yaml file: config\config.yaml loaded successfully]
[2025-12-07 19:20:43,784: INFO: common: yaml file: params.yaml loaded successfully]
[2025-12-07 19:20:43,793: INFO: common: created directory at: artifacts]
[2025-12-07 19:20:43,797: INFO: common: created directory at: artifacts\training]
[2025-12-07 19:20:44,197: WARNING: saving_utils: Compiled the loaded model, but the compiled metrics have yet to be built. `model.compile_metrics` will be empty until you train or evaluate the model.]
[2025-12-07 19:25:42,737: INFO: common: yaml file: config\config.yaml loaded successfully]
[2025-12-07 19:25:42,743: INFO: common: yaml file: params.yaml loaded successfully]
[2025-12-07 19:25:42,747: INFO: common: created directory at: artifacts]
[2025-12-07 19:25:42,749: INFO: common: created directory at: artifacts\training]
[2025-12-07 19:25:43,315: WARNING: saving_utils: Compiled the loaded model, but the compiled metrics have yet to be built. `model.compile_metrics` will be empty until you train or evaluate the model.]
[2025-12-07 19:35:19,421: INFO: common: yaml file: config\config.yaml loaded successfully]
[2025-12-07 19:35:19,423: INFO: common: yaml file: params.yaml loaded successfully]
[2025-12-07 19:35:19,425: INFO: common: created directory at: artifacts]
[2025-12-07 19:35:19,426: INFO: common: created directory at: artifacts\training]
[2025-12-07 19:35:55,841: INFO: common: yaml file: config\config.yaml loaded successfully]
[2025-12-07 19:35:55,843: INFO: common: yaml file: params.yaml loaded successfully]
[2025-12-07 19:35:55,845: INFO: common: created directory at: artifacts]
[2025-12-07 19:35:55,845: INFO: common: created directory at: artifacts\training]
[2025-12-07 19:35:56,177: WARNING: saving_utils: Compiled the loaded model, but the compiled metrics have yet to be built. `model.compile_metrics` will be empty until you train or evaluate the model.]
[2025-12-07 19:36:52,065: INFO: common: yaml file: config\config.yaml loaded successfully]
[2025-12-07 19:36:52,068: INFO: common: yaml file: params.yaml loaded successfully]
[2025-12-07 19:36:52,070: INFO: common: created directory at: artifacts]
[2025-12-07 19:36:52,071: INFO: common: created directory at: artifacts\training]
[2025-12-07 19:36:52,394: WARNING: saving_utils: Compiled the loaded model, but the compiled metrics have yet to be built. `model.compile_metrics` will be empty until you train or evaluate the model.]
[2025-12-07 19:38:28,060: INFO: common: yaml file: config\config.yaml loaded successfully]
[2025-12-07 19:38:28,063: INFO: common: yaml file: params.yaml loaded successfully]
[2025-12-07 19:38:28,066: INFO: common: created directory at: artifacts]
[2025-12-07 19:38:28,069: INFO: common: created directory at: artifacts\training]
[2025-12-07 19:38:28,325: WARNING: saving_utils: Compiled the loaded model, but the compiled metrics have yet to be built. `model.compile_metrics` will be empty until you train or evaluate the model.]
[2025-12-07 19:38:36,475: INFO: common: yaml file: config\config.yaml loaded successfully]
[2025-12-07 19:38:36,478: INFO: common: yaml file: params.yaml loaded successfully]
[2025-12-07 19:38:36,478: INFO: common: created directory at: artifacts]
[2025-12-07 19:38:36,478: INFO: common: created directory at: artifacts\training]
[2025-12-07 19:38:36,765: WARNING: saving_utils: Compiled the loaded model, but the compiled metrics have yet to be built. `model.compile_metrics` will be empty until you train or evaluate the model.]
[2025-12-07 19:41:37,122: INFO: common: yaml file: config\config.yaml loaded successfully]
[2025-12-07 19:41:37,124: INFO: common: yaml file: params.yaml loaded successfully]
[2025-12-07 19:41:37,126: INFO: common: created directory at: artifacts]
[2025-12-07 19:41:37,129: INFO: common: created directory at: artifacts\training]
[2025-12-07 19:41:37,429: WARNING: saving_utils: Compiled the loaded model, but the compiled metrics have yet to be built. `model.compile_metrics` will be empty until you train or evaluate the model.]
[2025-12-07 19:43:28,271: INFO: common: yaml file: config\config.yaml loaded successfully]
[2025-12-07 19:43:28,276: INFO: common: yaml file: params.yaml loaded successfully]
[2025-12-07 19:43:28,279: INFO: common: created directory at: artifacts]
[2025-12-07 19:43:28,285: INFO: common: created directory at: artifacts\training]
[2025-12-07 19:43:28,690: WARNING: saving_utils: Compiled the loaded model, but the compiled metrics have yet to be built. `model.compile_metrics` will be empty until you train or evaluate the model.]
[2025-12-07 19:45:28,333: INFO: common: yaml file: config\config.yaml loaded successfully]
[2025-12-07 19:45:28,338: INFO: common: yaml file: params.yaml loaded successfully]
[2025-12-07 19:45:28,339: INFO: common: created directory at: artifacts]
[2025-12-07 19:45:28,341: INFO: common: created directory at: artifacts\training]
[2025-12-07 19:45:28,640: WARNING: saving_utils: Compiled the loaded model, but the compiled metrics have yet to be built. `model.compile_metrics` will be empty until you train or evaluate the model.]
[2025-12-07 19:46:23,666: WARNING: saving_api: You are saving your model as an HDF5 file via `model.save()` or `keras.saving.save_model(model)`. This file format is considered legacy. We recommend using instead the native Keras format, e.g. `model.save('my_model.keras')` or `keras.saving.save_model(model, 'my_model.keras')`. ]
[2025-12-07 19:58:10,599: INFO: main: >>>>>> stage Data Ingestion stage started <<<<<<]
[2025-12-07 19:58:10,602: INFO: common: yaml file: config\config.yaml loaded successfully]
[2025-12-07 19:58:10,603: INFO: common: yaml file: params.yaml loaded successfully]
[2025-12-07 19:58:10,603: INFO: common: created directory at: artifacts]
[2025-12-07 19:58:10,603: INFO: common: created directory at: artifacts/data_ingestion]
[2025-12-07 19:58:10,607: INFO: data_ingestion: Downloading data from https://drive.google.com/file/d/1PIrR-mWs00bwZr8aO1vDw0rwISF4yVxP/view?usp=sharing into file artifacts/data_ingestion/data.zip]
[2025-12-07 19:59:05,506: INFO: data_ingestion: Downloaded data from https://drive.google.com/file/d/1PIrR-mWs00bwZr8aO1vDw0rwISF4yVxP/view?usp=sharing into file artifacts/data_ingestion/data.zip]
[2025-12-07 19:59:06,106: INFO: main: >>>>>> stage Data Ingestion stage completed <<<<<<

x==========x]
[2025-12-07 19:59:06,106: INFO: main: *******************]
[2025-12-07 19:59:06,106: INFO: main: >>>>>> stage Prepare base model started <<<<<<]
[2025-12-07 19:59:06,106: INFO: common: yaml file: config\config.yaml loaded successfully]
[2025-12-07 19:59:06,106: INFO: common: yaml file: params.yaml loaded successfully]
[2025-12-07 19:59:06,106: INFO: common: created directory at: artifacts]
[2025-12-07 19:59:06,106: INFO: common: created directory at: artifacts/prepare_base_model]
[2025-12-07 19:59:06,596: WARNING: saving_api: You are saving your model as an HDF5 file via `model.save()` or `keras.saving.save_model(model)`. This file format is considered legacy. We recommend using instead the native Keras format, e.g. `model.save('my_model.keras')` or `keras.saving.save_model(model, 'my_model.keras')`. ]
[2025-12-07 19:59:06,753: WARNING: saving_api: You are saving your model as an HDF5 file via `model.save()` or `keras.saving.save_model(model)`. This file format is considered legacy. We recommend using instead the native Keras format, e.g. `model.save('my_model.keras')` or `keras.saving.save_model(model, 'my_model.keras')`. ]
[2025-12-07 19:59:06,912: INFO: main: >>>>>> stage Prepare base model completed <<<<<<

x==========x]
[2025-12-07 19:59:06,912: INFO: main: *******************]
[2025-12-07 19:59:06,912: INFO: main: >>>>>> stage Training started <<<<<<]
[2025-12-07 19:59:06,912: INFO: common: yaml file: config\config.yaml loaded successfully]
[2025-12-07 19:59:06,912: INFO: common: yaml file: params.yaml loaded successfully]
[2025-12-07 19:59:06,912: INFO: common: created directory at: artifacts]
[2025-12-07 19:59:06,912: ERROR: main: name 'os' is not defined]
Traceback (most recent call last):
  File "D:\Projects\Kidney-Disease-Classification-with-Deep-Learning\main.py", line 36, in <module>
    model_trainer.main()
  File "D:\Projects\Kidney-Disease-Classification-with-Deep-Learning\src\kidney_disease_prediction\pipeline\stage_03_model_training.py", line 17, in main
    training_config = config.get_training_config()
                      ^^^^^^^^^^^^^^^^^^^^^^^^^^^^
  File "D:\Projects\Kidney-Disease-Classification-with-Deep-Learning\src\kidney_disease_prediction\config\configuration.py", line 55, in get_training_config
    training_data = os.path.join(self.config.data_ingestion.unzip_dir, "kidney-ct-scan-image")
                    ^^
NameError: name 'os' is not defined. Did you forget to import 'os'
[2025-12-07 20:09:06,659: INFO: main: >>>>>> stage Data Ingestion stage started <<<<<<]
[2025-12-07 20:09:06,661: INFO: common: yaml file: config\config.yaml loaded successfully]
[2025-12-07 20:09:06,664: INFO: common: yaml file: params.yaml loaded successfully]
[2025-12-07 20:09:06,664: INFO: common: created directory at: artifacts]
[2025-12-07 20:09:06,665: INFO: common: created directory at: artifacts/data_ingestion]
[2025-12-07 20:09:06,665: INFO: data_ingestion: Downloading data from https://drive.google.com/file/d/1PIrR-mWs00bwZr8aO1vDw0rwISF4yVxP/view?usp=sharing into file artifacts/data_ingestion/data.zip]
[2025-12-07 20:09:43,257: INFO: data_ingestion: Downloaded data from https://drive.google.com/file/d/1PIrR-mWs00bwZr8aO1vDw0rwISF4yVxP/view?usp=sharing into file artifacts/data_ingestion/data.zip]
[2025-12-07 20:09:44,572: INFO: main: >>>>>> stage Data Ingestion stage completed <<<<<<

x==========x]
[2025-12-07 20:09:44,573: INFO: main: *******************]
[2025-12-07 20:09:44,573: INFO: main: >>>>>> stage Prepare base model started <<<<<<]
[2025-12-07 20:09:44,577: INFO: common: yaml file: config\config.yaml loaded successfully]
[2025-12-07 20:09:44,581: INFO: common: yaml file: params.yaml loaded successfully]
[2025-12-07 20:09:44,583: INFO: common: created directory at: artifacts]
[2025-12-07 20:09:44,584: INFO: common: created directory at: artifacts/prepare_base_model]
[2025-12-07 20:09:45,437: WARNING: saving_api: You are saving your model as an HDF5 file via `model.save()` or `keras.saving.save_model(model)`. This file format is considered legacy. We recommend using instead the native Keras format, e.g. `model.save('my_model.keras')` or `keras.saving.save_model(model, 'my_model.keras')`. ]
[2025-12-07 20:09:45,849: WARNING: saving_api: You are saving your model as an HDF5 file via `model.save()` or `keras.saving.save_model(model)`. This file format is considered legacy. We recommend using instead the native Keras format, e.g. `model.save('my_model.keras')` or `keras.saving.save_model(model, 'my_model.keras')`. ]
[2025-12-07 20:09:46,135: INFO: main: >>>>>> stage Prepare base model completed <<<<<<

x==========x]
[2025-12-07 20:09:46,135: INFO: main: *******************]
[2025-12-07 20:09:46,135: INFO: main: >>>>>> stage Training started <<<<<<]
[2025-12-07 20:09:46,139: INFO: common: yaml file: config\config.yaml loaded successfully]
[2025-12-07 20:09:46,144: INFO: common: yaml file: params.yaml loaded successfully]
[2025-12-07 20:09:46,144: INFO: common: created directory at: artifacts]
[2025-12-07 20:09:46,148: INFO: common: created directory at: artifacts\training]
[2025-12-07 20:09:46,558: WARNING: saving_utils: Compiled the loaded model, but the compiled metrics have yet to be built. `model.compile_metrics` will be empty until you train or evaluate the model.]
[2025-12-07 20:10:30,624: WARNING: saving_api: You are saving your model as an HDF5 file via `model.save()` or `keras.saving.save_model(model)`. This file format is considered legacy. We recommend using instead the native Keras format, e.g. `model.save('my_model.keras')` or `keras.saving.save_model(model, 'my_model.keras')`. ]
[2025-12-07 20:10:30,739: INFO: main: >>>>>> stage Training completed <<<<<<

x==========x]
[2025-12-07 20:12:06,432: INFO: main: >>>>>> stage Data Ingestion stage started <<<<<<]
[2025-12-07 20:12:06,432: INFO: common: yaml file: config\config.yaml loaded successfully]
[2025-12-07 20:12:06,432: INFO: common: yaml file: params.yaml loaded successfully]
[2025-12-07 20:12:06,432: INFO: common: created directory at: artifacts]
[2025-12-07 20:12:06,432: INFO: common: created directory at: artifacts/data_ingestion]
[2025-12-07 20:12:06,432: INFO: data_ingestion: Downloading data from https://drive.google.com/file/d/1PIrR-mWs00bwZr8aO1vDw0rwISF4yVxP/view?usp=sharing into file artifacts/data_ingestion/data.zip]
[2025-12-07 20:12:52,053: INFO: data_ingestion: Downloaded data from https://drive.google.com/file/d/1PIrR-mWs00bwZr8aO1vDw0rwISF4yVxP/view?usp=sharing into file artifacts/data_ingestion/data.zip]
[2025-12-07 20:12:52,624: INFO: main: >>>>>> stage Data Ingestion stage completed <<<<<<

x==========x]
[2025-12-07 20:12:52,624: INFO: main: *******************]
[2025-12-07 20:12:52,624: INFO: main: >>>>>> stage Prepare base model started <<<<<<]
[2025-12-07 20:12:52,624: INFO: common: yaml file: config\config.yaml loaded successfully]
[2025-12-07 20:12:52,624: INFO: common: yaml file: params.yaml loaded successfully]
[2025-12-07 20:12:52,624: INFO: common: created directory at: artifacts]
[2025-12-07 20:12:52,624: INFO: common: created directory at: artifacts/prepare_base_model]
[2025-12-07 20:12:53,154: WARNING: saving_api: You are saving your model as an HDF5 file via `model.save()` or `keras.saving.save_model(model)`. This file format is considered legacy. We recommend using instead the native Keras format, e.g. `model.save('my_model.keras')` or `keras.saving.save_model(model, 'my_model.keras')`. ]
[2025-12-07 20:12:53,313: WARNING: saving_api: You are saving your model as an HDF5 file via `model.save()` or `keras.saving.save_model(model)`. This file format is considered legacy. We recommend using instead the native Keras format, e.g. `model.save('my_model.keras')` or `keras.saving.save_model(model, 'my_model.keras')`. ]
[2025-12-07 20:12:53,434: INFO: main: >>>>>> stage Prepare base model completed <<<<<<

x==========x]
[2025-12-07 20:12:53,434: INFO: main: *******************]
[2025-12-07 20:12:53,434: INFO: main: >>>>>> stage Training started <<<<<<]
[2025-12-07 20:12:53,434: INFO: common: yaml file: config\config.yaml loaded successfully]
[2025-12-07 20:12:53,434: INFO: common: yaml file: params.yaml loaded successfully]
[2025-12-07 20:12:53,434: INFO: common: created directory at: artifacts]
[2025-12-07 20:12:53,434: INFO: common: created directory at: artifacts\training]
[2025-12-07 20:12:53,623: WARNING: saving_utils: Compiled the loaded model, but the compiled metrics have yet to be built. `model.compile_metrics` will be empty until you train or evaluate the model.]
[2025-12-07 20:13:35,676: WARNING: saving_api: You are saving your model as an HDF5 file via `model.save()` or `keras.saving.save_model(model)`. This file format is considered legacy. We recommend using instead the native Keras format, e.g. `model.save('my_model.keras')` or `keras.saving.save_model(model, 'my_model.keras')`. ]
[2025-12-07 20:13:35,827: INFO: main: >>>>>> stage Training completed <<<<<<

x==========x]
